Arguments: 
  /home/enochchau/.asdf/installs/nodejs/16.15.1/bin/node /home/enochchau/.asdf/installs/nodejs/16.15.1/.npm/bin/yarn init .

PATH: 
  /home/enochchau/.asdf/plugins/nodejs/shims:/home/enochchau/.asdf/installs/nodejs/16.15.1/.npm/bin:/home/enochchau/.asdf/installs/nodejs/16.15.1/bin:/home/enochchau/.luarocks/bin:/home/enochchau/.local/bin:/home/enochchau/dotfiles/roles/zsh/files/scripts:/home/enochchau/.asdf/shims:/home/enochchau/.asdf/bin:/home/enochchau/.cargo/bin:/usr/local/sbin:/usr/local/bin:/usr/sbin:/usr/bin:/sbin:/bin:/usr/games:/usr/local/games:/usr/lib/wsl/lib:/mnt/c/Python310/Scripts/:/mnt/c/Python310/:/mnt/c/Python39/Scripts/:/mnt/c/Python39/:/mnt/c/Program Files (x86)/Razer Chroma SDK/bin:/mnt/c/Program Files/Razer Chroma SDK/bin:/mnt/c/Program Files (x86)/Razer/ChromaBroadcast/bin:/mnt/c/Program Files/Razer/ChromaBroadcast/bin:/mnt/c/Python38/Scripts/:/mnt/c/Python38/:/mnt/c/Windows/system32:/mnt/c/Windows:/mnt/c/Windows/System32/Wbem:/mnt/c/Windows/System32/WindowsPowerShell/v1.0/:/mnt/c/Windows/System32/OpenSSH/:/mnt/c/Program Files/NVIDIA Corporation/NVIDIA NvDLISR:/mnt/c/Users/enoch/AppData/Local/Packages/PythonSoftwareFoundation.Python.3.8_qbz5n2kfra8p0/LocalCache/local-packages/Python38/Scripts/autopep8.exe:/mnt/c/ProgramData/chocolatey/bin:/mnt/c/Program Files/PuTTY/:/mnt/c/Windows/system32/config/systemprofile/AppData/Local/Microsoft/WindowsApps:/mnt/c/Program Files (x86)/Calibre2/:/mnt/c/Program Files (x86)/Vim/vim82:/mnt/g/Program Files/Colortool:/mnt/c/msys64/mingw64/bin:/mnt/c/msys64/usr/bin:/mnt/c/Program Files/Neovim/bin:/mnt/c/WINDOWS/system32:/mnt/c/WINDOWS:/mnt/c/WINDOWS/System32/Wbem:/mnt/c/WINDOWS/System32/WindowsPowerShell/v1.0/:/mnt/c/WINDOWS/System32/OpenSSH/:/mnt/c/Program Files/Git/cmd:/mnt/c/Program Files/Microchip/xc8/v2.31/bin:/mnt/c/Program Files/PowerShell/7/:/mnt/c/Program Files/WezTerm:/mnt/c/Users/enoch/.cargo/bin:/mnt/c/Program Files/qemu:/mnt/c/Users/enoch/AppData/Roaming/xPacks/@xpack-dev-tools/openocd/0.10.0-15.1/.content/bin:/mnt/c/Users/enoch/AppData/Local/Microsoft/WindowsApps:/mnt/c/ProgramData/chocolatey/lib/mingw/tools/install/mingw64/bin:/mnt/c/Users/enoch/AppData/Local/Microsoft/WindowsApps:/mnt/c/Users/enoch/AppData/Local/Programs/Microsoft VS Code/bin:/mnt/c/Users/enoch/AppData/Local/Packages/PythonSoftwareFoundation.Python.3.8_qbz5n2kfra8p0/LocalCache/local-packages/Python38/Scripts:/mnt/c/tools/neovim/Neovim/bin:/mnt/c/Users/enoch/AppData/Local/Programs/Hyper/resources/bin:/mnt/c/tools/neovim/nvim-win64/bin:/home/enochchau/.asdf/installs/nodejs/16.15.1/.npm/bin

Yarn version: 
  1.22.19

Node version: 
  16.15.1

Platform: 
  linux x64

Trace: 
  Error: canceled
      at Interface.<anonymous> (/home/enochchau/.asdf/installs/nodejs/16.15.1/.npm/lib/node_modules/yarn/lib/cli.js:137150:13)
      at Interface.emit (node:events:527:28)
      at Interface._ttyWrite (node:readline:1081:16)
      at ReadStream.onkeypress (node:readline:288:10)
      at ReadStream.emit (node:events:527:28)
      at emitKeys (node:internal/readline/utils:358:14)
      at emitKeys.next (<anonymous>)
      at ReadStream.onData (node:internal/readline/emitKeypressEvents:61:36)
      at ReadStream.emit (node:events:527:28)
      at addChunk (node:internal/streams/readable:315:12)

npm manifest: 
  No manifest

yarn manifest: 
  No manifest

Lockfile: 
  No lockfile
